[0.351s] DEBUG:colcon:Command line arguments: ['/usr/bin/colcon', 'build', '--symlink-install']
[0.351s] DEBUG:colcon:Parsed command line arguments: Namespace(log_base=None, log_level=None, verb_name='build', build_base='build', install_base='install', merge_install=False, symlink_install=True, test_result_base=None, continue_on_error=False, executor='parallel', parallel_workers=12, event_handlers=None, ignore_user_meta=False, metas=['./colcon.meta'], base_paths=['.'], packages_ignore=None, packages_ignore_regex=None, paths=None, packages_up_to=None, packages_up_to_regex=None, packages_above=None, packages_above_and_dependencies=None, packages_above_depth=None, packages_select_by_dep=None, packages_skip_by_dep=None, packages_skip_up_to=None, packages_select_build_failed=False, packages_skip_build_finished=False, packages_select_test_failures=False, packages_skip_test_passed=False, packages_select=None, packages_skip=None, packages_select_regex=None, packages_skip_regex=None, packages_start=None, packages_end=None, allow_overriding=[], cmake_args=None, cmake_target=None, cmake_target_skip_unavailable=False, cmake_clean_cache=False, cmake_clean_first=False, cmake_force_configure=False, ament_cmake_args=None, catkin_cmake_args=None, catkin_skip_building_tests=False, mixin_files=None, mixin=None, verb_parser=<colcon_mixin.mixin.mixin_argument.MixinArgumentDecorator object at 0x75265e069d80>, verb_extension=<colcon_core.verb.build.BuildVerb object at 0x75265e069870>, main=<bound method BuildVerb.main of <colcon_core.verb.build.BuildVerb object at 0x75265e069870>>, mixin_verb=('build',))
[0.797s] Level 1:colcon.colcon_core.package_discovery:discover_packages(colcon_meta) check parameters
[0.797s] Level 1:colcon.colcon_core.package_discovery:discover_packages(recursive) check parameters
[0.797s] Level 1:colcon.colcon_core.package_discovery:discover_packages(ignore) check parameters
[0.797s] Level 1:colcon.colcon_core.package_discovery:discover_packages(path) check parameters
[0.797s] Level 1:colcon.colcon_core.package_discovery:discover_packages(colcon_meta) discover
[0.797s] Level 1:colcon.colcon_core.package_discovery:discover_packages(recursive) discover
[0.797s] INFO:colcon.colcon_core.package_discovery:Crawling recursively for packages in '/home/badredynex/ros2_SlamPursuit'
[0.797s] Level 1:colcon.colcon_core.package_identification:_identify(.) by extensions ['ignore', 'ignore_ament_install']
[0.797s] Level 1:colcon.colcon_core.package_identification:_identify(.) by extension 'ignore'
[0.797s] Level 1:colcon.colcon_core.package_identification:_identify(.) by extension 'ignore_ament_install'
[0.797s] Level 1:colcon.colcon_core.package_identification:_identify(.) by extensions ['colcon_pkg']
[0.797s] Level 1:colcon.colcon_core.package_identification:_identify(.) by extension 'colcon_pkg'
[0.798s] Level 1:colcon.colcon_core.package_identification:_identify(.) by extensions ['colcon_meta']
[0.798s] Level 1:colcon.colcon_core.package_identification:_identify(.) by extension 'colcon_meta'
[0.798s] Level 1:colcon.colcon_core.package_identification:_identify(.) by extensions ['ros']
[0.798s] Level 1:colcon.colcon_core.package_identification:_identify(.) by extension 'ros'
[0.811s] Level 1:colcon.colcon_core.package_identification:_identify(.) by extensions ['cmake', 'python']
[0.811s] Level 1:colcon.colcon_core.package_identification:_identify(.) by extension 'cmake'
[0.811s] Level 1:colcon.colcon_core.package_identification:_identify(.) by extension 'python'
[0.811s] Level 1:colcon.colcon_core.package_identification:_identify(.) by extensions ['python_setup_py']
[0.811s] Level 1:colcon.colcon_core.package_identification:_identify(.) by extension 'python_setup_py'
[0.811s] Level 1:colcon.colcon_core.package_identification:_identify(build) by extensions ['ignore', 'ignore_ament_install']
[0.811s] Level 1:colcon.colcon_core.package_identification:_identify(build) by extension 'ignore'
[0.811s] Level 1:colcon.colcon_core.package_identification:_identify(build) ignored
[0.811s] Level 1:colcon.colcon_core.package_identification:_identify(install) by extensions ['ignore', 'ignore_ament_install']
[0.811s] Level 1:colcon.colcon_core.package_identification:_identify(install) by extension 'ignore'
[0.811s] Level 1:colcon.colcon_core.package_identification:_identify(install) ignored
[0.812s] Level 1:colcon.colcon_core.package_identification:_identify(log) by extensions ['ignore', 'ignore_ament_install']
[0.812s] Level 1:colcon.colcon_core.package_identification:_identify(log) by extension 'ignore'
[0.812s] Level 1:colcon.colcon_core.package_identification:_identify(log) ignored
[0.812s] Level 1:colcon.colcon_core.package_identification:_identify(src) by extensions ['ignore', 'ignore_ament_install']
[0.812s] Level 1:colcon.colcon_core.package_identification:_identify(src) by extension 'ignore'
[0.812s] Level 1:colcon.colcon_core.package_identification:_identify(src) by extension 'ignore_ament_install'
[0.812s] Level 1:colcon.colcon_core.package_identification:_identify(src) by extensions ['colcon_pkg']
[0.812s] Level 1:colcon.colcon_core.package_identification:_identify(src) by extension 'colcon_pkg'
[0.812s] Level 1:colcon.colcon_core.package_identification:_identify(src) by extensions ['colcon_meta']
[0.812s] Level 1:colcon.colcon_core.package_identification:_identify(src) by extension 'colcon_meta'
[0.812s] Level 1:colcon.colcon_core.package_identification:_identify(src) by extensions ['ros']
[0.812s] Level 1:colcon.colcon_core.package_identification:_identify(src) by extension 'ros'
[0.812s] Level 1:colcon.colcon_core.package_identification:_identify(src) by extensions ['cmake', 'python']
[0.812s] Level 1:colcon.colcon_core.package_identification:_identify(src) by extension 'cmake'
[0.812s] Level 1:colcon.colcon_core.package_identification:_identify(src) by extension 'python'
[0.812s] Level 1:colcon.colcon_core.package_identification:_identify(src) by extensions ['python_setup_py']
[0.812s] Level 1:colcon.colcon_core.package_identification:_identify(src) by extension 'python_setup_py'
[0.813s] Level 1:colcon.colcon_core.package_discovery:discover_packages(recursive) using defaults
[0.813s] Level 1:colcon.colcon_core.package_discovery:discover_packages(ignore) discover
[0.813s] Level 1:colcon.colcon_core.package_discovery:discover_packages(ignore) using defaults
[0.813s] Level 1:colcon.colcon_core.package_discovery:discover_packages(path) discover
[0.813s] Level 1:colcon.colcon_core.package_discovery:discover_packages(path) using defaults
[0.864s] Level 1:colcon.colcon_core.package_discovery:discover_packages(prefix_path) check parameters
[0.864s] Level 1:colcon.colcon_core.package_discovery:discover_packages(prefix_path) discover
[0.870s] DEBUG:colcon.colcon_installed_package_information.package_discovery:Found 360 installed packages in /opt/ros/humble
[0.872s] Level 1:colcon.colcon_core.package_discovery:discover_packages(prefix_path) using defaults
[0.914s] INFO:colcon.colcon_core.executor:Executing jobs using 'parallel' executor
[0.915s] DEBUG:colcon.colcon_parallel_executor.executor.parallel:run_until_complete
[0.915s] DEBUG:colcon.colcon_parallel_executor.executor.parallel:closing loop
[0.915s] DEBUG:colcon.colcon_parallel_executor.executor.parallel:loop closed
[0.916s] DEBUG:colcon.colcon_parallel_executor.executor.parallel:run_until_complete finished with '0'
[0.916s] DEBUG:colcon.colcon_core.event_reactor:joining thread
[0.925s] INFO:colcon.colcon_core.plugin_system:Skipping extension 'colcon_notification.desktop_notification.terminal_notifier': Not used on non-Darwin systems
[0.925s] INFO:colcon.colcon_core.plugin_system:Skipping extension 'colcon_notification.desktop_notification.win32': Not used on non-Windows systems
[0.925s] INFO:colcon.colcon_notification.desktop_notification:Sending desktop notification using 'notify2'
[0.949s] DEBUG:colcon.colcon_core.event_reactor:joined thread
[0.960s] INFO:colcon.colcon_core.plugin_system:Skipping extension 'colcon_core.shell.bat': Not used on non-Windows systems
[0.960s] INFO:colcon.colcon_core.shell:Creating prefix script '/home/badredynex/ros2_SlamPursuit/install/local_setup.ps1'
[0.962s] INFO:colcon.colcon_core.shell:Creating prefix util module '/home/badredynex/ros2_SlamPursuit/install/_local_setup_util_ps1.py'
[0.964s] INFO:colcon.colcon_core.shell:Creating prefix chain script '/home/badredynex/ros2_SlamPursuit/install/setup.ps1'
[0.965s] INFO:colcon.colcon_core.shell:Creating prefix script '/home/badredynex/ros2_SlamPursuit/install/local_setup.sh'
[0.966s] INFO:colcon.colcon_core.shell:Creating prefix util module '/home/badredynex/ros2_SlamPursuit/install/_local_setup_util_sh.py'
[0.967s] INFO:colcon.colcon_core.shell:Creating prefix chain script '/home/badredynex/ros2_SlamPursuit/install/setup.sh'
[0.968s] INFO:colcon.colcon_core.shell:Creating prefix script '/home/badredynex/ros2_SlamPursuit/install/local_setup.bash'
[0.980s] INFO:colcon.colcon_core.shell:Creating prefix chain script '/home/badredynex/ros2_SlamPursuit/install/setup.bash'
[0.984s] INFO:colcon.colcon_core.shell:Creating prefix script '/home/badredynex/ros2_SlamPursuit/install/local_setup.zsh'
[0.988s] INFO:colcon.colcon_core.shell:Creating prefix chain script '/home/badredynex/ros2_SlamPursuit/install/setup.zsh'
