[0.225s] DEBUG:colcon:Command line arguments: ['/usr/bin/colcon', 'build']
[0.225s] DEBUG:colcon:Parsed command line arguments: Namespace(log_base=None, log_level=None, verb_name='build', build_base='build', install_base='install', merge_install=False, symlink_install=False, test_result_base=None, continue_on_error=False, executor='parallel', parallel_workers=12, event_handlers=None, ignore_user_meta=False, metas=['./colcon.meta'], base_paths=['.'], packages_ignore=None, packages_ignore_regex=None, paths=None, packages_up_to=None, packages_up_to_regex=None, packages_above=None, packages_above_and_dependencies=None, packages_above_depth=None, packages_select_by_dep=None, packages_skip_by_dep=None, packages_skip_up_to=None, packages_select_build_failed=False, packages_skip_build_finished=False, packages_select_test_failures=False, packages_skip_test_passed=False, packages_select=None, packages_skip=None, packages_select_regex=None, packages_skip_regex=None, packages_start=None, packages_end=None, allow_overriding=[], cmake_args=None, cmake_target=None, cmake_target_skip_unavailable=False, cmake_clean_cache=False, cmake_clean_first=False, cmake_force_configure=False, ament_cmake_args=None, catkin_cmake_args=None, catkin_skip_building_tests=False, mixin_files=None, mixin=None, verb_parser=<colcon_mixin.mixin.mixin_argument.MixinArgumentDecorator object at 0x79c22126a410>, verb_extension=<colcon_core.verb.build.BuildVerb object at 0x79c221269f00>, main=<bound method BuildVerb.main of <colcon_core.verb.build.BuildVerb object at 0x79c221269f00>>, mixin_verb=('build',))
[0.395s] Level 1:colcon.colcon_core.package_discovery:discover_packages(colcon_meta) check parameters
[0.395s] Level 1:colcon.colcon_core.package_discovery:discover_packages(recursive) check parameters
[0.395s] Level 1:colcon.colcon_core.package_discovery:discover_packages(ignore) check parameters
[0.395s] Level 1:colcon.colcon_core.package_discovery:discover_packages(path) check parameters
[0.395s] Level 1:colcon.colcon_core.package_discovery:discover_packages(colcon_meta) discover
[0.395s] Level 1:colcon.colcon_core.package_discovery:discover_packages(recursive) discover
[0.395s] INFO:colcon.colcon_core.package_discovery:Crawling recursively for packages in '/home/badredynex/Project/ROS2-PurePursuitControl-PathPlanning-Tracking'
[0.395s] Level 1:colcon.colcon_core.package_identification:_identify(.) by extensions ['ignore', 'ignore_ament_install']
[0.401s] Level 1:colcon.colcon_core.package_identification:_identify(.) by extension 'ignore'
[0.401s] Level 1:colcon.colcon_core.package_identification:_identify(.) by extension 'ignore_ament_install'
[0.401s] Level 1:colcon.colcon_core.package_identification:_identify(.) by extensions ['colcon_pkg']
[0.401s] Level 1:colcon.colcon_core.package_identification:_identify(.) by extension 'colcon_pkg'
[0.402s] Level 1:colcon.colcon_core.package_identification:_identify(.) by extensions ['colcon_meta']
[0.402s] Level 1:colcon.colcon_core.package_identification:_identify(.) by extension 'colcon_meta'
[0.402s] Level 1:colcon.colcon_core.package_identification:_identify(.) by extensions ['ros']
[0.402s] Level 1:colcon.colcon_core.package_identification:_identify(.) by extension 'ros'
[0.480s] Level 1:colcon.colcon_core.package_identification:_identify(.) by extensions ['cmake', 'python']
[0.480s] Level 1:colcon.colcon_core.package_identification:_identify(.) by extension 'cmake'
[0.480s] Level 1:colcon.colcon_core.package_identification:_identify(.) by extension 'python'
[0.480s] Level 1:colcon.colcon_core.package_identification:_identify(.) by extensions ['python_setup_py']
[0.480s] Level 1:colcon.colcon_core.package_identification:_identify(.) by extension 'python_setup_py'
[0.480s] Level 1:colcon.colcon_core.package_identification:_identify(build) by extensions ['ignore', 'ignore_ament_install']
[0.481s] Level 1:colcon.colcon_core.package_identification:_identify(build) by extension 'ignore'
[0.481s] Level 1:colcon.colcon_core.package_identification:_identify(build) ignored
[0.481s] Level 1:colcon.colcon_core.package_identification:_identify(install) by extensions ['ignore', 'ignore_ament_install']
[0.481s] Level 1:colcon.colcon_core.package_identification:_identify(install) by extension 'ignore'
[0.481s] Level 1:colcon.colcon_core.package_identification:_identify(install) ignored
[0.481s] Level 1:colcon.colcon_core.package_identification:_identify(log) by extensions ['ignore', 'ignore_ament_install']
[0.482s] Level 1:colcon.colcon_core.package_identification:_identify(log) by extension 'ignore'
[0.482s] Level 1:colcon.colcon_core.package_identification:_identify(log) ignored
[0.482s] Level 1:colcon.colcon_core.package_identification:_identify(nav_controller) by extensions ['ignore', 'ignore_ament_install']
[0.482s] Level 1:colcon.colcon_core.package_identification:_identify(nav_controller) by extension 'ignore'
[0.482s] Level 1:colcon.colcon_core.package_identification:_identify(nav_controller) by extension 'ignore_ament_install'
[0.482s] Level 1:colcon.colcon_core.package_identification:_identify(nav_controller) by extensions ['colcon_pkg']
[0.482s] Level 1:colcon.colcon_core.package_identification:_identify(nav_controller) by extension 'colcon_pkg'
[0.483s] Level 1:colcon.colcon_core.package_identification:_identify(nav_controller) by extensions ['colcon_meta']
[0.483s] Level 1:colcon.colcon_core.package_identification:_identify(nav_controller) by extension 'colcon_meta'
[0.483s] Level 1:colcon.colcon_core.package_identification:_identify(nav_controller) by extensions ['ros']
[0.483s] Level 1:colcon.colcon_core.package_identification:_identify(nav_controller) by extension 'ros'
[0.490s] DEBUG:colcon.colcon_core.package_identification:Package 'nav_controller' with type 'ros.ament_python' and name 'nav_controller'
[0.490s] Level 1:colcon.colcon_core.package_discovery:discover_packages(recursive) using defaults
[0.490s] Level 1:colcon.colcon_core.package_discovery:discover_packages(ignore) discover
[0.490s] Level 1:colcon.colcon_core.package_discovery:discover_packages(ignore) using defaults
[0.490s] Level 1:colcon.colcon_core.package_discovery:discover_packages(path) discover
[0.490s] Level 1:colcon.colcon_core.package_discovery:discover_packages(path) using defaults
[0.530s] Level 1:colcon.colcon_core.package_discovery:discover_packages(prefix_path) check parameters
[0.531s] Level 1:colcon.colcon_core.package_discovery:discover_packages(prefix_path) discover
[0.538s] DEBUG:colcon.colcon_installed_package_information.package_discovery:Found 398 installed packages in /opt/ros/humble
[0.541s] Level 1:colcon.colcon_core.package_discovery:discover_packages(prefix_path) using defaults
[0.596s] Level 5:colcon.colcon_core.verb:set package 'nav_controller' build argument 'cmake_args' from command line to 'None'
[0.597s] Level 5:colcon.colcon_core.verb:set package 'nav_controller' build argument 'cmake_target' from command line to 'None'
[0.597s] Level 5:colcon.colcon_core.verb:set package 'nav_controller' build argument 'cmake_target_skip_unavailable' from command line to 'False'
[0.597s] Level 5:colcon.colcon_core.verb:set package 'nav_controller' build argument 'cmake_clean_cache' from command line to 'False'
[0.597s] Level 5:colcon.colcon_core.verb:set package 'nav_controller' build argument 'cmake_clean_first' from command line to 'False'
[0.597s] Level 5:colcon.colcon_core.verb:set package 'nav_controller' build argument 'cmake_force_configure' from command line to 'False'
[0.597s] Level 5:colcon.colcon_core.verb:set package 'nav_controller' build argument 'ament_cmake_args' from command line to 'None'
[0.597s] Level 5:colcon.colcon_core.verb:set package 'nav_controller' build argument 'catkin_cmake_args' from command line to 'None'
[0.597s] Level 5:colcon.colcon_core.verb:set package 'nav_controller' build argument 'catkin_skip_building_tests' from command line to 'False'
[0.597s] DEBUG:colcon.colcon_core.verb:Building package 'nav_controller' with the following arguments: {'ament_cmake_args': None, 'build_base': '/home/badredynex/Project/ROS2-PurePursuitControl-PathPlanning-Tracking/build/nav_controller', 'catkin_cmake_args': None, 'catkin_skip_building_tests': False, 'cmake_args': None, 'cmake_clean_cache': False, 'cmake_clean_first': False, 'cmake_force_configure': False, 'cmake_target': None, 'cmake_target_skip_unavailable': False, 'install_base': '/home/badredynex/Project/ROS2-PurePursuitControl-PathPlanning-Tracking/install/nav_controller', 'merge_install': False, 'path': '/home/badredynex/Project/ROS2-PurePursuitControl-PathPlanning-Tracking/nav_controller', 'symlink_install': False, 'test_result_base': None}
[0.597s] INFO:colcon.colcon_core.executor:Executing jobs using 'parallel' executor
[0.599s] DEBUG:colcon.colcon_parallel_executor.executor.parallel:run_until_complete
[0.599s] INFO:colcon.colcon_ros.task.ament_python.build:Building ROS package in '/home/badredynex/Project/ROS2-PurePursuitControl-PathPlanning-Tracking/nav_controller' with build type 'ament_python'
[0.600s] Level 1:colcon.colcon_core.shell:create_environment_hook('nav_controller', 'ament_prefix_path')
[0.607s] INFO:colcon.colcon_core.plugin_system:Skipping extension 'colcon_core.shell.bat': Not used on non-Windows systems
[0.607s] INFO:colcon.colcon_core.shell:Creating environment hook '/home/badredynex/Project/ROS2-PurePursuitControl-PathPlanning-Tracking/install/nav_controller/share/nav_controller/hook/ament_prefix_path.ps1'
[0.609s] INFO:colcon.colcon_core.shell:Creating environment descriptor '/home/badredynex/Project/ROS2-PurePursuitControl-PathPlanning-Tracking/install/nav_controller/share/nav_controller/hook/ament_prefix_path.dsv'
[0.610s] INFO:colcon.colcon_core.shell:Creating environment hook '/home/badredynex/Project/ROS2-PurePursuitControl-PathPlanning-Tracking/install/nav_controller/share/nav_controller/hook/ament_prefix_path.sh'
[0.612s] INFO:colcon.colcon_core.shell:Skip shell extension 'powershell' for command environment: Not usable outside of PowerShell
[0.612s] DEBUG:colcon.colcon_core.shell:Skip shell extension 'dsv' for command environment
[0.891s] INFO:colcon.colcon_core.task.python.build:Building Python package in '/home/badredynex/Project/ROS2-PurePursuitControl-PathPlanning-Tracking/nav_controller'
[0.891s] INFO:colcon.colcon_core.shell:Skip shell extension 'powershell' for command environment: Not usable outside of PowerShell
[0.891s] DEBUG:colcon.colcon_core.shell:Skip shell extension 'dsv' for command environment
[1.718s] DEBUG:colcon.colcon_core.event_handler.log_command:Invoking command in '/home/badredynex/Project/ROS2-PurePursuitControl-PathPlanning-Tracking/nav_controller': PYTHONPATH=/home/badredynex/Project/ROS2-PurePursuitControl-PathPlanning-Tracking/build/nav_controller/prefix_override:/usr/lib/python3/dist-packages/colcon_core/task/python/colcon_distutils_commands:/home/badredynex/Project/ROS2-PurePursuitControl-PathPlanning-Tracking/install/nav_controller/lib/python3.10/site-packages:${PYTHONPATH} /usr/bin/python3 -W ignore:setup.py install is deprecated -W ignore:easy_install command is deprecated setup.py egg_info --egg-base ../build/nav_controller build --build-base /home/badredynex/Project/ROS2-PurePursuitControl-PathPlanning-Tracking/build/nav_controller/build install --record /home/badredynex/Project/ROS2-PurePursuitControl-PathPlanning-Tracking/build/nav_controller/install.log --single-version-externally-managed install_data
[2.072s] DEBUG:colcon.colcon_core.event_handler.log_command:Invoked command in '/home/badredynex/Project/ROS2-PurePursuitControl-PathPlanning-Tracking/nav_controller' returned '0': PYTHONPATH=/home/badredynex/Project/ROS2-PurePursuitControl-PathPlanning-Tracking/build/nav_controller/prefix_override:/usr/lib/python3/dist-packages/colcon_core/task/python/colcon_distutils_commands:/home/badredynex/Project/ROS2-PurePursuitControl-PathPlanning-Tracking/install/nav_controller/lib/python3.10/site-packages:${PYTHONPATH} /usr/bin/python3 -W ignore:setup.py install is deprecated -W ignore:easy_install command is deprecated setup.py egg_info --egg-base ../build/nav_controller build --build-base /home/badredynex/Project/ROS2-PurePursuitControl-PathPlanning-Tracking/build/nav_controller/build install --record /home/badredynex/Project/ROS2-PurePursuitControl-PathPlanning-Tracking/build/nav_controller/install.log --single-version-externally-managed install_data
[2.080s] Level 1:colcon.colcon_core.environment:checking '/home/badredynex/Project/ROS2-PurePursuitControl-PathPlanning-Tracking/install/nav_controller' for CMake module files
[2.080s] Level 1:colcon.colcon_core.environment:checking '/home/badredynex/Project/ROS2-PurePursuitControl-PathPlanning-Tracking/install/nav_controller' for CMake config files
[2.081s] Level 1:colcon.colcon_core.environment:checking '/home/badredynex/Project/ROS2-PurePursuitControl-PathPlanning-Tracking/install/nav_controller/lib'
[2.081s] Level 1:colcon.colcon_core.environment:checking '/home/badredynex/Project/ROS2-PurePursuitControl-PathPlanning-Tracking/install/nav_controller/bin'
[2.081s] Level 1:colcon.colcon_core.environment:checking '/home/badredynex/Project/ROS2-PurePursuitControl-PathPlanning-Tracking/install/nav_controller/lib/pkgconfig/nav_controller.pc'
[2.081s] Level 1:colcon.colcon_core.environment:checking '/home/badredynex/Project/ROS2-PurePursuitControl-PathPlanning-Tracking/install/nav_controller/lib/python3.10/site-packages'
[2.081s] Level 1:colcon.colcon_core.shell:create_environment_hook('nav_controller', 'pythonpath')
[2.082s] INFO:colcon.colcon_core.shell:Creating environment hook '/home/badredynex/Project/ROS2-PurePursuitControl-PathPlanning-Tracking/install/nav_controller/share/nav_controller/hook/pythonpath.ps1'
[2.083s] INFO:colcon.colcon_core.shell:Creating environment descriptor '/home/badredynex/Project/ROS2-PurePursuitControl-PathPlanning-Tracking/install/nav_controller/share/nav_controller/hook/pythonpath.dsv'
[2.083s] INFO:colcon.colcon_core.shell:Creating environment hook '/home/badredynex/Project/ROS2-PurePursuitControl-PathPlanning-Tracking/install/nav_controller/share/nav_controller/hook/pythonpath.sh'
[2.085s] Level 1:colcon.colcon_core.environment:checking '/home/badredynex/Project/ROS2-PurePursuitControl-PathPlanning-Tracking/install/nav_controller/bin'
[2.085s] Level 1:colcon.colcon_core.environment:create_environment_scripts_only(nav_controller)
[2.085s] INFO:colcon.colcon_core.shell:Creating package script '/home/badredynex/Project/ROS2-PurePursuitControl-PathPlanning-Tracking/install/nav_controller/share/nav_controller/package.ps1'
[2.086s] INFO:colcon.colcon_core.shell:Creating package descriptor '/home/badredynex/Project/ROS2-PurePursuitControl-PathPlanning-Tracking/install/nav_controller/share/nav_controller/package.dsv'
[2.089s] INFO:colcon.colcon_core.shell:Creating package script '/home/badredynex/Project/ROS2-PurePursuitControl-PathPlanning-Tracking/install/nav_controller/share/nav_controller/package.sh'
[2.090s] INFO:colcon.colcon_core.shell:Creating package script '/home/badredynex/Project/ROS2-PurePursuitControl-PathPlanning-Tracking/install/nav_controller/share/nav_controller/package.bash'
[2.092s] INFO:colcon.colcon_core.shell:Creating package script '/home/badredynex/Project/ROS2-PurePursuitControl-PathPlanning-Tracking/install/nav_controller/share/nav_controller/package.zsh'
[2.093s] Level 1:colcon.colcon_core.environment:create_file_with_runtime_dependencies(/home/badredynex/Project/ROS2-PurePursuitControl-PathPlanning-Tracking/install/nav_controller/share/colcon-core/packages/nav_controller)
[2.094s] DEBUG:colcon.colcon_parallel_executor.executor.parallel:closing loop
[2.095s] DEBUG:colcon.colcon_parallel_executor.executor.parallel:loop closed
[2.095s] DEBUG:colcon.colcon_parallel_executor.executor.parallel:run_until_complete finished with '0'
[2.095s] DEBUG:colcon.colcon_core.event_reactor:joining thread
[2.131s] INFO:colcon.colcon_core.plugin_system:Skipping extension 'colcon_notification.desktop_notification.terminal_notifier': Not used on non-Darwin systems
[2.131s] INFO:colcon.colcon_core.plugin_system:Skipping extension 'colcon_notification.desktop_notification.win32': Not used on non-Windows systems
[2.131s] INFO:colcon.colcon_notification.desktop_notification:Sending desktop notification using 'notify2'
[2.224s] DEBUG:colcon.colcon_core.event_reactor:joined thread
[2.226s] INFO:colcon.colcon_core.shell:Creating prefix script '/home/badredynex/Project/ROS2-PurePursuitControl-PathPlanning-Tracking/install/local_setup.ps1'
[2.228s] INFO:colcon.colcon_core.shell:Creating prefix util module '/home/badredynex/Project/ROS2-PurePursuitControl-PathPlanning-Tracking/install/_local_setup_util_ps1.py'
[2.232s] INFO:colcon.colcon_core.shell:Creating prefix chain script '/home/badredynex/Project/ROS2-PurePursuitControl-PathPlanning-Tracking/install/setup.ps1'
[2.240s] INFO:colcon.colcon_core.shell:Creating prefix script '/home/badredynex/Project/ROS2-PurePursuitControl-PathPlanning-Tracking/install/local_setup.sh'
[2.243s] INFO:colcon.colcon_core.shell:Creating prefix util module '/home/badredynex/Project/ROS2-PurePursuitControl-PathPlanning-Tracking/install/_local_setup_util_sh.py'
[2.244s] INFO:colcon.colcon_core.shell:Creating prefix chain script '/home/badredynex/Project/ROS2-PurePursuitControl-PathPlanning-Tracking/install/setup.sh'
[2.247s] INFO:colcon.colcon_core.shell:Creating prefix script '/home/badredynex/Project/ROS2-PurePursuitControl-PathPlanning-Tracking/install/local_setup.bash'
[2.252s] INFO:colcon.colcon_core.shell:Creating prefix chain script '/home/badredynex/Project/ROS2-PurePursuitControl-PathPlanning-Tracking/install/setup.bash'
[2.254s] INFO:colcon.colcon_core.shell:Creating prefix script '/home/badredynex/Project/ROS2-PurePursuitControl-PathPlanning-Tracking/install/local_setup.zsh'
[2.256s] INFO:colcon.colcon_core.shell:Creating prefix chain script '/home/badredynex/Project/ROS2-PurePursuitControl-PathPlanning-Tracking/install/setup.zsh'
