[0.270s] DEBUG:colcon:Command line arguments: ['/usr/bin/colcon', 'list', '-p', '--base-paths', '/home/badredynex/ros2_SlamPursuit']
[0.271s] DEBUG:colcon:Parsed command line arguments: Namespace(log_base=None, log_level=None, verb_name='list', build_base='build', ignore_user_meta=False, metas=['./colcon.meta'], base_paths=['/home/badredynex/ros2_SlamPursuit'], packages_ignore=None, packages_ignore_regex=None, paths=None, packages_up_to=None, packages_up_to_regex=None, packages_above=None, packages_above_and_dependencies=None, packages_above_depth=None, packages_select_by_dep=None, packages_skip_by_dep=None, packages_skip_up_to=None, packages_select_build_failed=False, packages_skip_build_finished=False, packages_select_test_failures=False, packages_skip_test_passed=False, packages_select=None, packages_skip=None, packages_select_regex=None, packages_skip_regex=None, packages_start=None, packages_end=None, allow_overriding=[], topological_order=False, names_only=False, paths_only=True, topological_graph=False, topological_graph_dot=False, topological_graph_density=False, topological_graph_legend=False, topological_graph_dot_cluster=False, topological_graph_dot_include_skipped=False, mixin_files=None, mixin=None, verb_parser=<colcon_mixin.mixin.mixin_argument.MixinArgumentDecorator object at 0x71889c56aaa0>, verb_extension=<colcon_package_information.verb.list.ListVerb object at 0x71889c569810>, main=<bound method ListVerb.main of <colcon_package_information.verb.list.ListVerb object at 0x71889c569810>>, mixin_verb=('list',))
[0.663s] Level 1:colcon.colcon_core.package_discovery:discover_packages(colcon_meta) check parameters
[0.663s] Level 1:colcon.colcon_core.package_discovery:discover_packages(recursive) check parameters
[0.663s] Level 1:colcon.colcon_core.package_discovery:discover_packages(ignore) check parameters
[0.663s] Level 1:colcon.colcon_core.package_discovery:discover_packages(path) check parameters
[0.663s] Level 1:colcon.colcon_core.package_discovery:discover_packages(recursive) discover
[0.663s] INFO:colcon.colcon_core.package_discovery:Crawling recursively for packages in '/home/badredynex/ros2_SlamPursuit'
[0.663s] Level 1:colcon.colcon_core.package_identification:_identify(/home/badredynex/ros2_SlamPursuit) by extensions ['ignore', 'ignore_ament_install']
[0.664s] Level 1:colcon.colcon_core.package_identification:_identify(/home/badredynex/ros2_SlamPursuit) by extension 'ignore'
[0.664s] Level 1:colcon.colcon_core.package_identification:_identify(/home/badredynex/ros2_SlamPursuit) by extension 'ignore_ament_install'
[0.664s] Level 1:colcon.colcon_core.package_identification:_identify(/home/badredynex/ros2_SlamPursuit) by extensions ['colcon_pkg']
[0.664s] Level 1:colcon.colcon_core.package_identification:_identify(/home/badredynex/ros2_SlamPursuit) by extension 'colcon_pkg'
[0.664s] Level 1:colcon.colcon_core.package_identification:_identify(/home/badredynex/ros2_SlamPursuit) by extensions ['colcon_meta']
[0.664s] Level 1:colcon.colcon_core.package_identification:_identify(/home/badredynex/ros2_SlamPursuit) by extension 'colcon_meta'
[0.664s] Level 1:colcon.colcon_core.package_identification:_identify(/home/badredynex/ros2_SlamPursuit) by extensions ['ros']
[0.664s] Level 1:colcon.colcon_core.package_identification:_identify(/home/badredynex/ros2_SlamPursuit) by extension 'ros'
[0.686s] Level 1:colcon.colcon_core.package_identification:_identify(/home/badredynex/ros2_SlamPursuit) by extensions ['cmake', 'python']
[0.687s] Level 1:colcon.colcon_core.package_identification:_identify(/home/badredynex/ros2_SlamPursuit) by extension 'cmake'
[0.687s] Level 1:colcon.colcon_core.package_identification:_identify(/home/badredynex/ros2_SlamPursuit) by extension 'python'
[0.687s] Level 1:colcon.colcon_core.package_identification:_identify(/home/badredynex/ros2_SlamPursuit) by extensions ['python_setup_py']
[0.687s] Level 1:colcon.colcon_core.package_identification:_identify(/home/badredynex/ros2_SlamPursuit) by extension 'python_setup_py'
[0.688s] Level 1:colcon.colcon_core.package_identification:_identify(/home/badredynex/ros2_SlamPursuit/build) by extensions ['ignore', 'ignore_ament_install']
[0.688s] Level 1:colcon.colcon_core.package_identification:_identify(/home/badredynex/ros2_SlamPursuit/build) by extension 'ignore'
[0.688s] Level 1:colcon.colcon_core.package_identification:_identify(/home/badredynex/ros2_SlamPursuit/build) ignored
[0.688s] Level 1:colcon.colcon_core.package_identification:_identify(/home/badredynex/ros2_SlamPursuit/install) by extensions ['ignore', 'ignore_ament_install']
[0.689s] Level 1:colcon.colcon_core.package_identification:_identify(/home/badredynex/ros2_SlamPursuit/install) by extension 'ignore'
[0.689s] Level 1:colcon.colcon_core.package_identification:_identify(/home/badredynex/ros2_SlamPursuit/install) ignored
[0.689s] Level 1:colcon.colcon_core.package_identification:_identify(/home/badredynex/ros2_SlamPursuit/log) by extensions ['ignore', 'ignore_ament_install']
[0.689s] Level 1:colcon.colcon_core.package_identification:_identify(/home/badredynex/ros2_SlamPursuit/log) by extension 'ignore'
[0.689s] Level 1:colcon.colcon_core.package_identification:_identify(/home/badredynex/ros2_SlamPursuit/log) ignored
[0.690s] Level 1:colcon.colcon_core.package_identification:_identify(/home/badredynex/ros2_SlamPursuit/src) by extensions ['ignore', 'ignore_ament_install']
[0.690s] Level 1:colcon.colcon_core.package_identification:_identify(/home/badredynex/ros2_SlamPursuit/src) by extension 'ignore'
[0.690s] Level 1:colcon.colcon_core.package_identification:_identify(/home/badredynex/ros2_SlamPursuit/src) by extension 'ignore_ament_install'
[0.690s] Level 1:colcon.colcon_core.package_identification:_identify(/home/badredynex/ros2_SlamPursuit/src) by extensions ['colcon_pkg']
[0.690s] Level 1:colcon.colcon_core.package_identification:_identify(/home/badredynex/ros2_SlamPursuit/src) by extension 'colcon_pkg'
[0.690s] Level 1:colcon.colcon_core.package_identification:_identify(/home/badredynex/ros2_SlamPursuit/src) by extensions ['colcon_meta']
[0.690s] Level 1:colcon.colcon_core.package_identification:_identify(/home/badredynex/ros2_SlamPursuit/src) by extension 'colcon_meta'
[0.690s] Level 1:colcon.colcon_core.package_identification:_identify(/home/badredynex/ros2_SlamPursuit/src) by extensions ['ros']
[0.690s] Level 1:colcon.colcon_core.package_identification:_identify(/home/badredynex/ros2_SlamPursuit/src) by extension 'ros'
[0.690s] Level 1:colcon.colcon_core.package_identification:_identify(/home/badredynex/ros2_SlamPursuit/src) by extensions ['cmake', 'python']
[0.690s] Level 1:colcon.colcon_core.package_identification:_identify(/home/badredynex/ros2_SlamPursuit/src) by extension 'cmake'
[0.690s] Level 1:colcon.colcon_core.package_identification:_identify(/home/badredynex/ros2_SlamPursuit/src) by extension 'python'
[0.690s] Level 1:colcon.colcon_core.package_identification:_identify(/home/badredynex/ros2_SlamPursuit/src) by extensions ['python_setup_py']
[0.690s] Level 1:colcon.colcon_core.package_identification:_identify(/home/badredynex/ros2_SlamPursuit/src) by extension 'python_setup_py'
[0.691s] Level 1:colcon.colcon_core.package_identification:_identify(/home/badredynex/ros2_SlamPursuit/src/nav_controller) by extensions ['ignore', 'ignore_ament_install']
[0.691s] Level 1:colcon.colcon_core.package_identification:_identify(/home/badredynex/ros2_SlamPursuit/src/nav_controller) by extension 'ignore'
[0.691s] Level 1:colcon.colcon_core.package_identification:_identify(/home/badredynex/ros2_SlamPursuit/src/nav_controller) by extension 'ignore_ament_install'
[0.691s] Level 1:colcon.colcon_core.package_identification:_identify(/home/badredynex/ros2_SlamPursuit/src/nav_controller) by extensions ['colcon_pkg']
[0.691s] Level 1:colcon.colcon_core.package_identification:_identify(/home/badredynex/ros2_SlamPursuit/src/nav_controller) by extension 'colcon_pkg'
[0.691s] Level 1:colcon.colcon_core.package_identification:_identify(/home/badredynex/ros2_SlamPursuit/src/nav_controller) by extensions ['colcon_meta']
[0.691s] Level 1:colcon.colcon_core.package_identification:_identify(/home/badredynex/ros2_SlamPursuit/src/nav_controller) by extension 'colcon_meta'
[0.691s] Level 1:colcon.colcon_core.package_identification:_identify(/home/badredynex/ros2_SlamPursuit/src/nav_controller) by extensions ['ros']
[0.691s] Level 1:colcon.colcon_core.package_identification:_identify(/home/badredynex/ros2_SlamPursuit/src/nav_controller) by extension 'ros'
[0.695s] DEBUG:colcon.colcon_core.package_identification:Package '/home/badredynex/ros2_SlamPursuit/src/nav_controller' with type 'ros.ament_python' and name 'nav_controller'
[0.695s] Level 1:colcon.colcon_core.package_discovery:discover_packages(recursive) using defaults
