/home/badredynex/Project/ROS2_SLAM_PurePursuit/install/nav_controller/lib/python3.10/site-packages/nav_controller/control.py
/home/badredynex/Project/ROS2_SLAM_PurePursuit/install/nav_controller/lib/python3.10/site-packages/nav_controller/smoother.py
/home/badredynex/Project/ROS2_SLAM_PurePursuit/install/nav_controller/lib/python3.10/site-packages/nav_controller/__init__.py
/home/badredynex/Project/ROS2_SLAM_PurePursuit/install/nav_controller/lib/python3.10/site-packages/nav_controller/planner.py
/home/badredynex/Project/ROS2_SLAM_PurePursuit/install/nav_controller/lib/python3.10/site-packages/nav_controller/navigation_node.py
/home/badredynex/Project/ROS2_SLAM_PurePursuit/install/nav_controller/lib/python3.10/site-packages/nav_controller/code.py
/home/badredynex/Project/ROS2_SLAM_PurePursuit/install/nav_controller/lib/python3.10/site-packages/nav_controller/pure_pursuit.py
/home/badredynex/Project/ROS2_SLAM_PurePursuit/install/nav_controller/lib/python3.10/site-packages/nav_controller/utils.py
/home/badredynex/Project/ROS2_SLAM_PurePursuit/install/nav_controller/lib/python3.10/site-packages/nav_controller/__pycache__/control.cpython-310.pyc
/home/badredynex/Project/ROS2_SLAM_PurePursuit/install/nav_controller/lib/python3.10/site-packages/nav_controller/__pycache__/smoother.cpython-310.pyc
/home/badredynex/Project/ROS2_SLAM_PurePursuit/install/nav_controller/lib/python3.10/site-packages/nav_controller/__pycache__/__init__.cpython-310.pyc
/home/badredynex/Project/ROS2_SLAM_PurePursuit/install/nav_controller/lib/python3.10/site-packages/nav_controller/__pycache__/planner.cpython-310.pyc
/home/badredynex/Project/ROS2_SLAM_PurePursuit/install/nav_controller/lib/python3.10/site-packages/nav_controller/__pycache__/navigation_node.cpython-310.pyc
/home/badredynex/Project/ROS2_SLAM_PurePursuit/install/nav_controller/lib/python3.10/site-packages/nav_controller/__pycache__/code.cpython-310.pyc
/home/badredynex/Project/ROS2_SLAM_PurePursuit/install/nav_controller/lib/python3.10/site-packages/nav_controller/__pycache__/pure_pursuit.cpython-310.pyc
/home/badredynex/Project/ROS2_SLAM_PurePursuit/install/nav_controller/lib/python3.10/site-packages/nav_controller/__pycache__/utils.cpython-310.pyc
/home/badredynex/Project/ROS2_SLAM_PurePursuit/install/nav_controller/share/ament_index/resource_index/packages/nav_controller
/home/badredynex/Project/ROS2_SLAM_PurePursuit/install/nav_controller/share/nav_controller/package.xml
/home/badredynex/Project/ROS2_SLAM_PurePursuit/install/nav_controller/share/nav_controller/launch/multi_robot.launch.py
/home/badredynex/Project/ROS2_SLAM_PurePursuit/install/nav_controller/lib/python3.10/site-packages/nav_controller-0.0.0-py3.10.egg-info/SOURCES.txt
/home/badredynex/Project/ROS2_SLAM_PurePursuit/install/nav_controller/lib/python3.10/site-packages/nav_controller-0.0.0-py3.10.egg-info/dependency_links.txt
/home/badredynex/Project/ROS2_SLAM_PurePursuit/install/nav_controller/lib/python3.10/site-packages/nav_controller-0.0.0-py3.10.egg-info/zip-safe
/home/badredynex/Project/ROS2_SLAM_PurePursuit/install/nav_controller/lib/python3.10/site-packages/nav_controller-0.0.0-py3.10.egg-info/PKG-INFO
/home/badredynex/Project/ROS2_SLAM_PurePursuit/install/nav_controller/lib/python3.10/site-packages/nav_controller-0.0.0-py3.10.egg-info/top_level.txt
/home/badredynex/Project/ROS2_SLAM_PurePursuit/install/nav_controller/lib/python3.10/site-packages/nav_controller-0.0.0-py3.10.egg-info/requires.txt
/home/badredynex/Project/ROS2_SLAM_PurePursuit/install/nav_controller/lib/python3.10/site-packages/nav_controller-0.0.0-py3.10.egg-info/entry_points.txt
/home/badredynex/Project/ROS2_SLAM_PurePursuit/install/nav_controller/lib/nav_controller/control
