[0.986s] Invoking command in '/home/badredynex/Project/ROS2_SLAM_PurePursuit/nav_controller': PYTHONPATH=/home/badredynex/Project/ROS2_SLAM_PurePursuit/build/nav_controller/prefix_override:/usr/lib/python3/dist-packages/colcon_core/task/python/colcon_distutils_commands:/home/badredynex/Project/ROS2_SLAM_PurePursuit/install/nav_controller/lib/python3.10/site-packages:${PYTHONPATH} /usr/bin/python3 -W ignore:setup.py install is deprecated -W ignore:easy_install command is deprecated setup.py egg_info --egg-base ../build/nav_controller build --build-base /home/badredynex/Project/ROS2_SLAM_PurePursuit/build/nav_controller/build install --record /home/badredynex/Project/ROS2_SLAM_PurePursuit/build/nav_controller/install.log --single-version-externally-managed install_data
[1.430s] running egg_info
[1.431s] writing ../build/nav_controller/nav_controller.egg-info/PKG-INFO
[1.432s] writing dependency_links to ../build/nav_controller/nav_controller.egg-info/dependency_links.txt
[1.432s] writing entry points to ../build/nav_controller/nav_controller.egg-info/entry_points.txt
[1.432s] writing requirements to ../build/nav_controller/nav_controller.egg-info/requires.txt
[1.433s] writing top-level names to ../build/nav_controller/nav_controller.egg-info/top_level.txt
[1.437s] reading manifest file '../build/nav_controller/nav_controller.egg-info/SOURCES.txt'
[1.442s] writing manifest file '../build/nav_controller/nav_controller.egg-info/SOURCES.txt'
[1.442s] running build
[1.442s] running build_py
[1.443s] running install
[1.444s] running install_lib
[1.449s] running install_data
[1.449s] running install_egg_info
[1.450s] removing '/home/badredynex/Project/ROS2_SLAM_PurePursuit/install/nav_controller/lib/python3.10/site-packages/nav_controller-0.0.0-py3.10.egg-info' (and everything under it)
[1.451s] Copying ../build/nav_controller/nav_controller.egg-info to /home/badredynex/Project/ROS2_SLAM_PurePursuit/install/nav_controller/lib/python3.10/site-packages/nav_controller-0.0.0-py3.10.egg-info
[1.452s] running install_scripts
[1.485s] Installing control script to /home/badredynex/Project/ROS2_SLAM_PurePursuit/install/nav_controller/lib/nav_controller
[1.486s] writing list of installed files to '/home/badredynex/Project/ROS2_SLAM_PurePursuit/build/nav_controller/install.log'
[1.515s] Invoked command in '/home/badredynex/Project/ROS2_SLAM_PurePursuit/nav_controller' returned '0': PYTHONPATH=/home/badredynex/Project/ROS2_SLAM_PurePursuit/build/nav_controller/prefix_override:/usr/lib/python3/dist-packages/colcon_core/task/python/colcon_distutils_commands:/home/badredynex/Project/ROS2_SLAM_PurePursuit/install/nav_controller/lib/python3.10/site-packages:${PYTHONPATH} /usr/bin/python3 -W ignore:setup.py install is deprecated -W ignore:easy_install command is deprecated setup.py egg_info --egg-base ../build/nav_controller build --build-base /home/badredynex/Project/ROS2_SLAM_PurePursuit/build/nav_controller/build install --record /home/badredynex/Project/ROS2_SLAM_PurePursuit/build/nav_controller/install.log --single-version-externally-managed install_data
